<?xml version="1.0" encoding="UTF-8"?>
<!-- Generated by org.testng.reporters.JUnitXMLReporter -->
<testsuite hostname="DESKTOP-NOQ9BQR" name="Test" tests="3" failures="1" timestamp="22 Sep 2016 14:32:31 GMT" time="0.013" errors="0">
  <testcase name="test_to_pass" time="0.005" classname="MyPackage.TestSimpleCases"/>
  <testcase name="test_to_fail" time="0.0" classname="MyPackage.TestSimpleCases"/>
  <testcase name="TestDB" time="0.0" classname="MyPackage.TestSimpleCases">
    <failure type="java.lang.ClassNotFoundException" message="com.mysql.cj.jdbc.Driver">
      <![CDATA[java.lang.ClassNotFoundException: com.mysql.cj.jdbc.Driver
	at java.net.URLClassLoader.findClass(Unknown Source)
	at java.lang.ClassLoader.loadClass(Unknown Source)
	at sun.misc.Launcher$AppClassLoader.loadClass(Unknown Source)
	at java.lang.ClassLoader.loadClass(Unknown Source)
	at java.lang.Class.forName0(Native Method)
	at java.lang.Class.forName(Unknown Source)
	at MyPackage.TestSimpleCases.TestDB(TestSimpleCases.java:46)
... Removed 23 stack frames]]>
    </failure>
  </testcase> <!-- TestDB -->
</testsuite> <!-- Test -->
