<?xml version="1.0" encoding="UTF-8"?>
<testng-results skipped="0" failed="0" total="1" passed="1">
  <reporter-output>
  </reporter-output>
  <suite name="Default suite" duration-ms="7818" started-at="2016-09-28T15:07:34Z" finished-at="2016-09-28T15:07:42Z">
    <groups>
    </groups>
    <test name="Default test" duration-ms="7818" started-at="2016-09-28T15:07:34Z" finished-at="2016-09-28T15:07:42Z">
      <class name="MyPackage.chrome">
        <test-method status="PASS" signature="test()[pri:0, instance:MyPackage.chrome@31dc339b]" name="test" duration-ms="7801" started-at="2016-09-28T17:07:34Z" finished-at="2016-09-28T17:07:42Z">
          <reporter-output>
          </reporter-output>
        </test-method> <!-- test -->
      </class> <!-- MyPackage.chrome -->
    </test> <!-- Default test -->
  </suite> <!-- Default suite -->
</testng-results>
